<?xml version="1.0" encoding="UTF-8"?>
<!-- Generated by org.testng.reporters.JUnitReportReporter -->
<testsuite hostname="Atul" failures="0" tests="1" name="rao.ttest" time="2.283" errors="0" timestamp="2022-06-19T22:00:25 IST" skipped="0">
  <testcase classname="rao.ttest" name="logintest" time="2.283"/>
  <system-out/>
</testsuite> <!-- rao.ttest -->
