<?xml version="1.0" encoding="UTF-8"?>
<!-- Generated by org.testng.reporters.JUnitReportReporter -->
<testsuite hostname="Atul" failures="0" tests="1" name="rao.ttest" time="2.033" errors="0" timestamp="2022-06-20T13:55:51 IST" skipped="0">
  <testcase classname="rao.ttest" name="logintest" time="2.033"/>
  <system-out/>
</testsuite> <!-- rao.ttest -->
