<?xml version="1.0" encoding="UTF-8"?>
<!-- Generated by org.testng.reporters.JUnitReportReporter -->
<testsuite hostname="Atul" failures="0" tests="1" name="rao.test2" time="0.015" errors="0" timestamp="2022-06-21T22:33:54 IST" skipped="0">
  <testcase classname="rao.test2" name="mama" time="0.015"/>
  <system-out/>
</testsuite> <!-- rao.test2 -->
